<?xml version="1.0" encoding="UTF-8"?>
<testsuite xmlns:xsi="http://www.w3.org/2001/XMLSchema-instance" xsi:noNamespaceSchemaLocation="https://maven.apache.org/surefire/maven-surefire-plugin/xsd/surefire-test-report-3.0.xsd" version="3.0" name="com.example.service.LoginTest" time="0.012" tests="4" errors="0" skipped="0" failures="0">
  <properties>
[...]
</properties>
  <testcase name="authenticate_invalidUserId_returnsFalse" classname="com.example.service.LoginTest" time="0.002"/>
  <testcase name="authenticate_invalidPassword_returnsFalse" classname="com.example.service.LoginTest" time="0.001"/>
  <testcase name="authenticate_validCredentials_returnsTrue" classname="com.example.service.LoginTest" time="0.002"/>
  <testcase name="authenticate_nullCredentials_returnsFalse" classname="com.example.service.LoginTest" time="0.001"/>
</testsuite>